2026-05-04 10:22:27,775 | INFO | Config: {'run_name': 'reference', 'model_module': 'reference.toy_rnn', 'model': {'n_embd': 128, 'n_hidden': 256, 'n_layer': 1, 'dropout': 0.1}, 'block_size': 128, 'train_file': 'data/train.jsonl', 'eval_file': 'data/eval.jsonl', 'tokenizer': 'gpt2', 'batch_size': 16, 'epochs': 3, 'lr': 0.001, 'weight_decay': 0.01, 'warmup_steps': 100, 'log_every': 50, 'ckpt_dir': 'checkpoints/reference', 'seed': 42}
2026-05-04 10:22:27,792 | INFO | Device: mps
2026-05-04 10:22:28,529 | INFO | Tokens: train=763  eval=132
2026-05-04 10:22:28,929 | INFO | Model: ToyRNN  params=19.74M
2026-05-04 10:22:31,451 | INFO | epoch=0 step=0 loss=10.8307 lr=1.00e-05
2026-05-04 10:22:42,904 | INFO | epoch=0 eval_loss=10.5568 ppl=38436.90
2026-05-04 10:22:43,656 | INFO | New best eval_loss=10.5568 -> saved best.pt
2026-05-04 10:22:47,133 | INFO | epoch=1 step=50 loss=7.4378 lr=5.10e-04
2026-05-04 10:22:55,615 | INFO | epoch=1 eval_loss=9.4180 ppl=12307.47
2026-05-04 10:22:56,381 | INFO | New best eval_loss=9.4180 -> saved best.pt
2026-05-04 10:23:03,438 | INFO | epoch=2 step=100 loss=5.0530 lr=9.92e-04
2026-05-04 10:23:08,941 | INFO | epoch=2 eval_loss=9.9237 ppl=20408.93
2026-05-04 12:13:43,500 | INFO | Config: {'run_name': 'reference', 'model_module': 'reference.toy_rnn', 'model': {'n_embd': 128, 'n_hidden': 256, 'n_layer': 1, 'dropout': 0.1}, 'block_size': 128, 'train_file': 'data/train.jsonl', 'eval_file': 'data/eval.jsonl', 'tokenizer': 'gpt2', 'batch_size': 16, 'epochs': 3, 'lr': 0.001, 'weight_decay': 0.01, 'warmup_steps': 100, 'log_every': 50, 'ckpt_dir': 'checkpoints/reference', 'seed': 42}
2026-05-04 12:13:43,523 | INFO | Device: mps
2026-05-04 12:13:44,292 | INFO | Tokens: train=40403  eval=10076
2026-05-04 12:13:44,618 | INFO | Model: ToyRNN  params=19.74M
2026-05-04 12:13:45,516 | INFO | epoch=0 step=0 loss=10.8336 lr=1.00e-05
2026-05-04 12:13:59,891 | INFO | epoch=0 step=50 loss=6.5734 lr=5.10e-04
2026-05-04 12:14:16,048 | INFO | epoch=0 step=100 loss=4.4535 lr=1.00e-03
2026-05-04 12:14:33,243 | INFO | epoch=0 step=150 loss=3.2125 lr=1.00e-03
2026-05-04 12:14:50,277 | INFO | epoch=0 step=200 loss=2.0106 lr=1.00e-03
2026-05-04 12:15:06,921 | INFO | epoch=0 step=250 loss=1.7998 lr=9.99e-04
2026-05-04 12:15:23,823 | INFO | epoch=0 step=300 loss=1.1217 lr=9.98e-04
2026-05-04 12:15:40,574 | INFO | epoch=0 step=350 loss=0.7942 lr=9.97e-04
2026-05-04 12:15:57,074 | INFO | epoch=0 step=400 loss=0.8431 lr=9.96e-04
2026-05-04 12:16:13,284 | INFO | epoch=0 step=450 loss=0.4373 lr=9.95e-04
2026-05-04 12:16:29,465 | INFO | epoch=0 step=500 loss=0.2934 lr=9.94e-04
2026-05-04 12:16:45,643 | INFO | epoch=0 step=550 loss=0.2241 lr=9.92e-04
2026-05-04 12:17:01,839 | INFO | epoch=0 step=600 loss=0.2045 lr=9.90e-04
2026-05-04 12:17:18,220 | INFO | epoch=0 step=650 loss=0.1555 lr=9.88e-04
2026-05-04 12:17:34,692 | INFO | epoch=0 step=700 loss=0.1249 lr=9.86e-04
2026-05-04 12:17:51,898 | INFO | epoch=0 step=750 loss=0.1741 lr=9.83e-04
2026-05-04 12:18:08,978 | INFO | epoch=0 step=800 loss=0.1053 lr=9.80e-04
2026-05-04 12:18:25,668 | INFO | epoch=0 step=850 loss=0.0946 lr=9.78e-04
2026-05-04 12:18:42,160 | INFO | epoch=0 step=900 loss=0.1031 lr=9.75e-04
2026-05-04 12:18:58,615 | INFO | epoch=0 step=950 loss=0.1019 lr=9.71e-04
2026-05-04 12:19:15,547 | INFO | epoch=0 step=1000 loss=0.1090 lr=9.68e-04
2026-05-04 12:19:32,373 | INFO | epoch=0 step=1050 loss=0.1091 lr=9.64e-04
2026-05-04 12:19:48,798 | INFO | epoch=0 step=1100 loss=0.0845 lr=9.61e-04
2026-05-04 12:20:05,519 | INFO | epoch=0 step=1150 loss=0.0827 lr=9.57e-04
2026-05-04 12:20:22,220 | INFO | epoch=0 step=1200 loss=0.0868 lr=9.52e-04
2026-05-04 12:20:38,537 | INFO | epoch=0 step=1250 loss=0.0908 lr=9.48e-04
2026-05-04 12:20:54,741 | INFO | epoch=0 step=1300 loss=0.0738 lr=9.44e-04
2026-05-04 12:21:10,895 | INFO | epoch=0 step=1350 loss=0.0783 lr=9.39e-04
2026-05-04 12:21:28,540 | INFO | epoch=0 step=1400 loss=0.0773 lr=9.34e-04
2026-05-04 12:24:37,503 | INFO | epoch=0 step=1450 loss=0.0670 lr=9.29e-04
2026-05-04 12:25:16,231 | INFO | epoch=0 step=1500 loss=0.0874 lr=9.24e-04
2026-05-04 13:02:07,988 | INFO | epoch=0 step=1550 loss=0.0816 lr=9.18e-04
2026-05-04 13:02:21,848 | INFO | epoch=0 step=1600 loss=0.0689 lr=9.13e-04
2026-05-04 13:02:35,449 | INFO | epoch=0 step=1650 loss=0.0847 lr=9.07e-04
2026-05-04 13:02:48,846 | INFO | epoch=0 step=1700 loss=0.0714 lr=9.01e-04
2026-05-04 13:03:02,506 | INFO | epoch=0 step=1750 loss=0.0761 lr=8.95e-04
2026-05-04 13:03:16,001 | INFO | epoch=0 step=1800 loss=0.0818 lr=8.89e-04
2026-05-04 13:03:29,144 | INFO | epoch=0 step=1850 loss=0.0806 lr=8.83e-04
2026-05-04 13:03:42,242 | INFO | epoch=0 step=1900 loss=0.0660 lr=8.76e-04
2026-05-04 13:03:55,394 | INFO | epoch=0 step=1950 loss=0.0712 lr=8.70e-04
2026-05-04 13:04:08,819 | INFO | epoch=0 step=2000 loss=0.0860 lr=8.63e-04
2026-05-04 13:04:22,072 | INFO | epoch=0 step=2050 loss=0.0770 lr=8.56e-04
2026-05-04 13:04:35,317 | INFO | epoch=0 step=2100 loss=0.0707 lr=8.49e-04
2026-05-04 13:04:48,610 | INFO | epoch=0 step=2150 loss=0.0728 lr=8.42e-04
2026-05-04 13:05:01,894 | INFO | epoch=0 step=2200 loss=0.0807 lr=8.35e-04
2026-05-04 13:05:15,077 | INFO | epoch=0 step=2250 loss=0.0612 lr=8.27e-04
2026-05-04 13:05:28,083 | INFO | epoch=0 step=2300 loss=0.0682 lr=8.20e-04
2026-05-04 13:05:41,120 | INFO | epoch=0 step=2350 loss=0.0607 lr=8.12e-04
2026-05-04 13:05:54,281 | INFO | epoch=0 step=2400 loss=0.0748 lr=8.04e-04
2026-05-04 13:06:07,727 | INFO | epoch=0 step=2450 loss=0.0641 lr=7.96e-04
2026-05-04 13:06:20,964 | INFO | epoch=0 step=2500 loss=0.0736 lr=7.88e-04
2026-05-04 13:07:04,024 | INFO | epoch=0 eval_loss=0.3624 ppl=1.44
2026-05-04 13:07:04,494 | INFO | New best eval_loss=0.3624 -> saved best.pt
2026-05-04 13:07:13,335 | INFO | epoch=1 step=2550 loss=0.0715 lr=7.80e-04
2026-05-04 13:07:26,465 | INFO | epoch=1 step=2600 loss=0.0712 lr=7.72e-04
2026-05-04 13:07:39,877 | INFO | epoch=1 step=2650 loss=0.0587 lr=7.64e-04
2026-05-04 13:07:53,808 | INFO | epoch=1 step=2700 loss=0.0680 lr=7.55e-04
2026-05-04 13:08:08,085 | INFO | epoch=1 step=2750 loss=0.0615 lr=7.47e-04
2026-05-04 13:08:22,188 | INFO | epoch=1 step=2800 loss=0.0565 lr=7.38e-04
2026-05-04 13:08:36,408 | INFO | epoch=1 step=2850 loss=0.0733 lr=7.30e-04
2026-05-04 13:08:50,519 | INFO | epoch=1 step=2900 loss=0.0641 lr=7.21e-04
2026-05-04 13:09:04,521 | INFO | epoch=1 step=2950 loss=0.0672 lr=7.12e-04
2026-05-04 13:09:18,507 | INFO | epoch=1 step=3000 loss=0.0596 lr=7.03e-04
2026-05-04 13:09:32,729 | INFO | epoch=1 step=3050 loss=0.0695 lr=6.94e-04
2026-05-04 13:09:46,760 | INFO | epoch=1 step=3100 loss=0.0634 lr=6.85e-04
2026-05-04 13:10:00,957 | INFO | epoch=1 step=3150 loss=0.0611 lr=6.76e-04
2026-05-04 13:10:15,161 | INFO | epoch=1 step=3200 loss=0.0607 lr=6.67e-04
2026-05-04 13:10:29,362 | INFO | epoch=1 step=3250 loss=0.0676 lr=6.58e-04
2026-05-04 13:10:43,509 | INFO | epoch=1 step=3300 loss=0.0629 lr=6.49e-04
2026-05-04 13:10:57,726 | INFO | epoch=1 step=3350 loss=0.0545 lr=6.39e-04
2026-05-04 13:11:12,046 | INFO | epoch=1 step=3400 loss=0.0661 lr=6.30e-04
2026-05-04 13:11:26,188 | INFO | epoch=1 step=3450 loss=0.0597 lr=6.21e-04
2026-05-04 13:11:40,446 | INFO | epoch=1 step=3500 loss=0.0668 lr=6.11e-04
2026-05-04 13:11:54,748 | INFO | epoch=1 step=3550 loss=0.0724 lr=6.02e-04
2026-05-04 13:12:09,220 | INFO | epoch=1 step=3600 loss=0.0713 lr=5.93e-04
2026-05-04 13:12:23,568 | INFO | epoch=1 step=3650 loss=0.0546 lr=5.83e-04
2026-05-04 13:12:37,979 | INFO | epoch=1 step=3700 loss=0.0628 lr=5.74e-04
2026-05-04 13:12:52,415 | INFO | epoch=1 step=3750 loss=0.0733 lr=5.64e-04
2026-05-04 13:13:06,926 | INFO | epoch=1 step=3800 loss=0.0690 lr=5.55e-04
2026-05-04 13:13:21,422 | INFO | epoch=1 step=3850 loss=0.0623 lr=5.45e-04
2026-05-04 13:13:36,002 | INFO | epoch=1 step=3900 loss=0.0663 lr=5.36e-04
2026-05-04 13:13:50,522 | INFO | epoch=1 step=3950 loss=0.0672 lr=5.26e-04
2026-05-04 13:14:05,132 | INFO | epoch=1 step=4000 loss=0.0666 lr=5.17e-04
2026-05-04 13:14:19,682 | INFO | epoch=1 step=4050 loss=0.0616 lr=5.07e-04
2026-05-04 13:14:34,268 | INFO | epoch=1 step=4100 loss=0.0651 lr=4.98e-04
2026-05-04 13:14:48,801 | INFO | epoch=1 step=4150 loss=0.0549 lr=4.88e-04
2026-05-04 13:15:03,297 | INFO | epoch=1 step=4200 loss=0.0584 lr=4.79e-04
2026-05-04 13:15:17,700 | INFO | epoch=1 step=4250 loss=0.0687 lr=4.70e-04
2026-05-04 13:15:32,269 | INFO | epoch=1 step=4300 loss=0.0838 lr=4.60e-04
2026-05-04 13:15:46,730 | INFO | epoch=1 step=4350 loss=0.0628 lr=4.51e-04
2026-05-04 13:16:01,254 | INFO | epoch=1 step=4400 loss=0.0708 lr=4.42e-04
2026-05-04 13:16:15,625 | INFO | epoch=1 step=4450 loss=0.0597 lr=4.33e-04
2026-05-04 13:16:30,101 | INFO | epoch=1 step=4500 loss=0.0632 lr=4.24e-04
2026-05-04 13:16:44,546 | INFO | epoch=1 step=4550 loss=0.0607 lr=4.14e-04
2026-05-04 13:16:59,407 | INFO | epoch=1 step=4600 loss=0.0640 lr=4.05e-04
2026-05-04 13:17:14,211 | INFO | epoch=1 step=4650 loss=0.0616 lr=3.97e-04
2026-05-04 13:17:28,911 | INFO | epoch=1 step=4700 loss=0.0589 lr=3.88e-04
2026-05-04 13:17:43,736 | INFO | epoch=1 step=4750 loss=0.0567 lr=3.79e-04
2026-05-04 13:17:58,518 | INFO | epoch=1 step=4800 loss=0.0624 lr=3.70e-04
2026-05-04 13:18:13,100 | INFO | epoch=1 step=4850 loss=0.0635 lr=3.61e-04
2026-05-04 13:18:27,738 | INFO | epoch=1 step=4900 loss=0.0640 lr=3.53e-04
2026-05-04 13:18:42,349 | INFO | epoch=1 step=4950 loss=0.0595 lr=3.44e-04
2026-05-04 13:18:56,942 | INFO | epoch=1 step=5000 loss=0.0693 lr=3.36e-04
2026-05-04 13:19:53,953 | INFO | epoch=1 eval_loss=0.3911 ppl=1.48
2026-05-04 13:19:59,302 | INFO | epoch=2 step=5050 loss=0.0564 lr=3.28e-04
2026-05-04 13:20:14,425 | INFO | epoch=2 step=5100 loss=0.0646 lr=3.19e-04
2026-05-04 13:20:29,845 | INFO | epoch=2 step=5150 loss=0.0651 lr=3.11e-04
2026-05-04 13:20:45,558 | INFO | epoch=2 step=5200 loss=0.0561 lr=3.03e-04
2026-05-04 13:21:01,149 | INFO | epoch=2 step=5250 loss=0.0621 lr=2.96e-04
2026-05-04 13:21:16,891 | INFO | epoch=2 step=5300 loss=0.0679 lr=2.88e-04
2026-05-04 13:21:32,010 | INFO | epoch=2 step=5350 loss=0.0627 lr=2.80e-04
2026-05-04 13:21:46,968 | INFO | epoch=2 step=5400 loss=0.0714 lr=2.73e-04
2026-05-04 13:22:01,947 | INFO | epoch=2 step=5450 loss=0.0504 lr=2.65e-04
2026-05-04 13:22:16,516 | INFO | epoch=2 step=5500 loss=0.0559 lr=2.58e-04
2026-05-04 13:22:31,109 | INFO | epoch=2 step=5550 loss=0.0586 lr=2.51e-04
2026-05-04 13:22:45,433 | INFO | epoch=2 step=5600 loss=0.0591 lr=2.44e-04
2026-05-04 13:22:59,877 | INFO | epoch=2 step=5650 loss=0.0572 lr=2.37e-04
2026-05-04 13:23:14,550 | INFO | epoch=2 step=5700 loss=0.0667 lr=2.30e-04
2026-05-04 13:23:29,164 | INFO | epoch=2 step=5750 loss=0.0564 lr=2.23e-04
2026-05-04 13:23:43,917 | INFO | epoch=2 step=5800 loss=0.0566 lr=2.17e-04
2026-05-04 13:23:58,595 | INFO | epoch=2 step=5850 loss=0.0641 lr=2.11e-04
2026-05-04 13:24:13,818 | INFO | epoch=2 step=5900 loss=0.0565 lr=2.05e-04
2026-05-04 13:24:28,848 | INFO | epoch=2 step=5950 loss=0.0532 lr=1.99e-04
2026-05-04 13:24:43,882 | INFO | epoch=2 step=6000 loss=0.0614 lr=1.93e-04
2026-05-04 13:24:58,829 | INFO | epoch=2 step=6050 loss=0.0537 lr=1.87e-04
2026-05-04 13:25:13,530 | INFO | epoch=2 step=6100 loss=0.0621 lr=1.82e-04
2026-05-04 13:25:28,356 | INFO | epoch=2 step=6150 loss=0.0589 lr=1.76e-04
2026-05-04 13:25:42,864 | INFO | epoch=2 step=6200 loss=0.0596 lr=1.71e-04
2026-05-04 13:25:57,415 | INFO | epoch=2 step=6250 loss=0.0714 lr=1.66e-04
2026-05-04 13:26:11,859 | INFO | epoch=2 step=6300 loss=0.0610 lr=1.61e-04
2026-05-04 13:26:26,684 | INFO | epoch=2 step=6350 loss=0.0659 lr=1.56e-04
2026-05-04 13:26:41,362 | INFO | epoch=2 step=6400 loss=0.0584 lr=1.52e-04
2026-05-04 13:26:56,184 | INFO | epoch=2 step=6450 loss=0.0694 lr=1.48e-04
2026-05-04 13:27:11,118 | INFO | epoch=2 step=6500 loss=0.0603 lr=1.43e-04
2026-05-04 13:27:26,080 | INFO | epoch=2 step=6550 loss=0.0527 lr=1.39e-04
2026-05-04 13:27:41,085 | INFO | epoch=2 step=6600 loss=0.0693 lr=1.36e-04
2026-05-04 13:27:56,122 | INFO | epoch=2 step=6650 loss=0.0596 lr=1.32e-04
2026-05-04 13:28:11,159 | INFO | epoch=2 step=6700 loss=0.0630 lr=1.29e-04
2026-05-04 13:28:26,094 | INFO | epoch=2 step=6750 loss=0.0588 lr=1.25e-04
2026-05-04 13:28:41,113 | INFO | epoch=2 step=6800 loss=0.0704 lr=1.22e-04
2026-05-04 13:28:56,178 | INFO | epoch=2 step=6850 loss=0.0714 lr=1.19e-04
2026-05-04 13:29:11,461 | INFO | epoch=2 step=6900 loss=0.0593 lr=1.17e-04
2026-05-04 13:29:26,746 | INFO | epoch=2 step=6950 loss=0.0597 lr=1.14e-04
2026-05-04 13:29:42,248 | INFO | epoch=2 step=7000 loss=0.0550 lr=1.12e-04
2026-05-04 13:29:58,701 | INFO | epoch=2 step=7050 loss=0.0549 lr=1.10e-04
2026-05-04 13:30:14,304 | INFO | epoch=2 step=7100 loss=0.0549 lr=1.08e-04
2026-05-04 13:30:29,866 | INFO | epoch=2 step=7150 loss=0.0634 lr=1.06e-04
2026-05-04 13:30:45,135 | INFO | epoch=2 step=7200 loss=0.0611 lr=1.05e-04
2026-05-04 13:30:59,973 | INFO | epoch=2 step=7250 loss=0.0704 lr=1.04e-04
2026-05-04 13:31:14,548 | INFO | epoch=2 step=7300 loss=0.0554 lr=1.02e-04
2026-05-04 13:31:28,933 | INFO | epoch=2 step=7350 loss=0.0630 lr=1.02e-04
2026-05-04 13:31:43,358 | INFO | epoch=2 step=7400 loss=0.0641 lr=1.01e-04
2026-05-04 13:31:58,078 | INFO | epoch=2 step=7450 loss=0.0616 lr=1.00e-04
2026-05-04 13:32:12,455 | INFO | epoch=2 step=7500 loss=0.0543 lr=1.00e-04
2026-05-04 13:32:27,165 | INFO | epoch=2 step=7550 loss=0.0562 lr=1.00e-04
2026-05-04 13:33:14,811 | INFO | epoch=2 eval_loss=0.4015 ppl=1.49
