2026-05-05 09:33:10,023 | INFO | Config: {'run_name': 'scratch', 'model_module': 'student.model', 'model': {'block_size': 256, 'n_layer': 4, 'n_head': 4, 'n_embd': 256, 'dropout': 0.1}, 'train_file': 'data/train.jsonl', 'eval_file': 'data/eval.jsonl', 'tokenizer': 'gpt2', 'batch_size': 16, 'epochs': 3, 'lr': 0.0003, 'weight_decay': 0.1, 'warmup_steps': 100, 'log_every': 50, 'ckpt_dir': 'checkpoints/scratch', 'seed': 42}
2026-05-05 09:33:10,056 | INFO | Device: mps
2026-05-05 09:33:10,846 | INFO | Tokens: train=40403  eval=10076
2026-05-05 09:33:11,284 | INFO | Model: CustomLM  params=16.09M
2026-05-05 09:33:15,844 | INFO | epoch=0 step=0 loss=149.6912 lr=3.00e-06
2026-05-05 09:33:49,558 | INFO | epoch=0 step=50 loss=42.9816 lr=1.53e-04
2026-05-05 09:34:27,951 | INFO | epoch=0 step=100 loss=20.4128 lr=3.00e-04
2026-05-05 09:35:05,305 | INFO | epoch=0 step=150 loss=8.5854 lr=3.00e-04
2026-05-05 09:35:42,500 | INFO | epoch=0 step=200 loss=8.1848 lr=3.00e-04
2026-05-05 09:36:20,147 | INFO | epoch=0 step=250 loss=5.0230 lr=3.00e-04
2026-05-05 09:36:56,581 | INFO | epoch=0 step=300 loss=3.0597 lr=3.00e-04
2026-05-05 09:37:36,691 | INFO | epoch=0 step=350 loss=3.2397 lr=2.99e-04
2026-05-05 09:38:14,832 | INFO | epoch=0 step=400 loss=2.2030 lr=2.99e-04
2026-05-05 09:38:52,303 | INFO | epoch=0 step=450 loss=2.3404 lr=2.99e-04
2026-05-05 09:39:30,624 | INFO | epoch=0 step=500 loss=1.3606 lr=2.98e-04
2026-05-05 09:40:07,518 | INFO | epoch=0 step=550 loss=1.5461 lr=2.98e-04
2026-05-05 09:40:44,693 | INFO | epoch=0 step=600 loss=1.4265 lr=2.97e-04
2026-05-05 09:41:21,933 | INFO | epoch=0 step=650 loss=1.1626 lr=2.96e-04
2026-05-05 09:41:57,346 | INFO | epoch=0 step=700 loss=0.9203 lr=2.96e-04
2026-05-05 09:42:32,027 | INFO | epoch=0 step=750 loss=0.6713 lr=2.95e-04
2026-05-05 09:43:06,733 | INFO | epoch=0 step=800 loss=0.7766 lr=2.94e-04
2026-05-05 09:43:40,738 | INFO | epoch=0 step=850 loss=0.6277 lr=2.93e-04
2026-05-05 09:44:15,118 | INFO | epoch=0 step=900 loss=0.5607 lr=2.92e-04
2026-05-05 09:44:49,892 | INFO | epoch=0 step=950 loss=0.5050 lr=2.91e-04
2026-05-05 09:45:24,155 | INFO | epoch=0 step=1000 loss=0.4682 lr=2.90e-04
2026-05-05 09:45:58,633 | INFO | epoch=0 step=1050 loss=0.4546 lr=2.89e-04
2026-05-05 09:46:34,246 | INFO | epoch=0 step=1100 loss=0.4992 lr=2.88e-04
2026-05-05 09:47:10,218 | INFO | epoch=0 step=1150 loss=0.3698 lr=2.87e-04
2026-05-05 09:47:44,688 | INFO | epoch=0 step=1200 loss=0.3075 lr=2.86e-04
2026-05-05 09:48:18,886 | INFO | epoch=0 step=1250 loss=0.2790 lr=2.84e-04
2026-05-05 09:48:52,979 | INFO | epoch=0 step=1300 loss=0.2164 lr=2.83e-04
2026-05-05 09:49:27,085 | INFO | epoch=0 step=1350 loss=0.2593 lr=2.82e-04
2026-05-05 09:50:01,187 | INFO | epoch=0 step=1400 loss=0.2314 lr=2.80e-04
2026-05-05 09:50:35,230 | INFO | epoch=0 step=1450 loss=0.2265 lr=2.79e-04
2026-05-05 09:51:09,486 | INFO | epoch=0 step=1500 loss=0.2407 lr=2.77e-04
2026-05-05 09:51:43,816 | INFO | epoch=0 step=1550 loss=0.2069 lr=2.75e-04
2026-05-05 09:52:17,722 | INFO | epoch=0 step=1600 loss=0.2522 lr=2.74e-04
2026-05-05 09:52:52,074 | INFO | epoch=0 step=1650 loss=0.2124 lr=2.72e-04
2026-05-05 09:53:26,706 | INFO | epoch=0 step=1700 loss=0.2507 lr=2.70e-04
2026-05-05 09:54:01,146 | INFO | epoch=0 step=1750 loss=0.1942 lr=2.68e-04
2026-05-05 09:54:36,069 | INFO | epoch=0 step=1800 loss=0.1937 lr=2.67e-04
2026-05-05 09:55:10,074 | INFO | epoch=0 step=1850 loss=0.1677 lr=2.65e-04
2026-05-05 09:55:43,961 | INFO | epoch=0 step=1900 loss=0.1752 lr=2.63e-04
2026-05-05 09:56:18,802 | INFO | epoch=0 step=1950 loss=0.1345 lr=2.61e-04
2026-05-05 09:56:53,797 | INFO | epoch=0 step=2000 loss=0.1842 lr=2.59e-04
2026-05-05 09:57:28,750 | INFO | epoch=0 step=2050 loss=0.1431 lr=2.57e-04
2026-05-05 09:58:03,880 | INFO | epoch=0 step=2100 loss=0.1677 lr=2.54e-04
2026-05-05 09:58:37,873 | INFO | epoch=0 step=2150 loss=0.1609 lr=2.52e-04
2026-05-05 09:59:17,242 | INFO | epoch=0 step=2200 loss=0.1756 lr=2.50e-04
2026-05-05 09:59:52,776 | INFO | epoch=0 step=2250 loss=0.1399 lr=2.48e-04
2026-05-05 10:00:29,623 | INFO | epoch=0 step=2300 loss=0.1629 lr=2.46e-04
2026-05-05 10:01:06,439 | INFO | epoch=0 step=2350 loss=0.1322 lr=2.43e-04
2026-05-05 10:01:40,179 | INFO | epoch=0 step=2400 loss=0.1404 lr=2.41e-04
2026-05-05 10:02:14,541 | INFO | epoch=0 step=2450 loss=0.1426 lr=2.39e-04
2026-05-05 10:02:48,365 | INFO | epoch=0 step=2500 loss=0.1269 lr=2.36e-04
2026-05-05 10:04:55,803 | INFO | epoch=0 eval_loss=0.5028 ppl=1.65
2026-05-05 10:04:56,651 | INFO | New best eval_loss=0.5028 -> saved best.pt
2026-05-05 10:05:26,314 | INFO | epoch=1 step=2550 loss=0.1362 lr=2.34e-04
2026-05-05 10:06:00,288 | INFO | epoch=1 step=2600 loss=0.1257 lr=2.31e-04
2026-05-05 10:06:35,873 | INFO | epoch=1 step=2650 loss=0.1165 lr=2.29e-04
2026-05-05 10:07:11,577 | INFO | epoch=1 step=2700 loss=0.1362 lr=2.26e-04
2026-05-05 10:07:45,742 | INFO | epoch=1 step=2750 loss=0.1027 lr=2.24e-04
2026-05-05 10:08:19,448 | INFO | epoch=1 step=2800 loss=0.1151 lr=2.21e-04
2026-05-05 10:08:53,212 | INFO | epoch=1 step=2850 loss=0.1434 lr=2.18e-04
2026-05-05 10:09:27,265 | INFO | epoch=1 step=2900 loss=0.1139 lr=2.16e-04
2026-05-05 10:10:01,957 | INFO | epoch=1 step=2950 loss=0.1128 lr=2.13e-04
2026-05-05 10:10:36,210 | INFO | epoch=1 step=3000 loss=0.1273 lr=2.10e-04
2026-05-05 10:11:10,772 | INFO | epoch=1 step=3050 loss=0.1187 lr=2.08e-04
2026-05-05 10:11:45,717 | INFO | epoch=1 step=3100 loss=0.1259 lr=2.05e-04
2026-05-05 10:12:20,369 | INFO | epoch=1 step=3150 loss=0.1142 lr=2.02e-04
2026-05-05 10:12:54,541 | INFO | epoch=1 step=3200 loss=0.0941 lr=2.00e-04
2026-05-05 10:13:28,757 | INFO | epoch=1 step=3250 loss=0.1045 lr=1.97e-04
2026-05-05 10:14:03,634 | INFO | epoch=1 step=3300 loss=0.0964 lr=1.94e-04
2026-05-05 10:14:37,515 | INFO | epoch=1 step=3350 loss=0.1117 lr=1.91e-04
2026-05-05 10:15:11,735 | INFO | epoch=1 step=3400 loss=0.1097 lr=1.88e-04
2026-05-05 10:15:45,204 | INFO | epoch=1 step=3450 loss=0.0963 lr=1.86e-04
2026-05-05 10:16:19,419 | INFO | epoch=1 step=3500 loss=0.1240 lr=1.83e-04
2026-05-05 10:16:53,791 | INFO | epoch=1 step=3550 loss=0.1006 lr=1.80e-04
2026-05-05 10:17:28,737 | INFO | epoch=1 step=3600 loss=0.1139 lr=1.77e-04
2026-05-05 10:18:09,307 | INFO | epoch=1 step=3650 loss=0.0906 lr=1.74e-04
2026-05-05 10:18:44,615 | INFO | epoch=1 step=3700 loss=0.0849 lr=1.71e-04
2026-05-05 10:19:19,603 | INFO | epoch=1 step=3750 loss=0.0831 lr=1.69e-04
2026-05-05 10:19:52,998 | INFO | epoch=1 step=3800 loss=0.0967 lr=1.66e-04
2026-05-05 10:20:27,873 | INFO | epoch=1 step=3850 loss=0.0892 lr=1.63e-04
2026-05-05 10:21:03,492 | INFO | epoch=1 step=3900 loss=0.1026 lr=1.60e-04
2026-05-05 10:21:38,590 | INFO | epoch=1 step=3950 loss=0.0990 lr=1.57e-04
2026-05-05 10:22:12,466 | INFO | epoch=1 step=4000 loss=0.1004 lr=1.54e-04
2026-05-05 10:22:46,042 | INFO | epoch=1 step=4050 loss=0.0963 lr=1.51e-04
2026-05-05 10:23:21,508 | INFO | epoch=1 step=4100 loss=0.0898 lr=1.49e-04
2026-05-05 10:23:57,737 | INFO | epoch=1 step=4150 loss=0.0895 lr=1.46e-04
2026-05-05 10:24:35,685 | INFO | epoch=1 step=4200 loss=0.0868 lr=1.43e-04
2026-05-05 10:25:09,880 | INFO | epoch=1 step=4250 loss=0.0894 lr=1.40e-04
2026-05-05 10:25:43,710 | INFO | epoch=1 step=4300 loss=0.0852 lr=1.37e-04
2026-05-05 10:26:18,919 | INFO | epoch=1 step=4350 loss=0.0746 lr=1.35e-04
2026-05-05 10:26:55,554 | INFO | epoch=1 step=4400 loss=0.0835 lr=1.32e-04
2026-05-05 10:27:30,189 | INFO | epoch=1 step=4450 loss=0.0815 lr=1.29e-04
2026-05-05 10:28:03,966 | INFO | epoch=1 step=4500 loss=0.0768 lr=1.26e-04
2026-05-05 10:28:38,900 | INFO | epoch=1 step=4550 loss=0.0749 lr=1.24e-04
2026-05-05 10:29:14,768 | INFO | epoch=1 step=4600 loss=0.0829 lr=1.21e-04
2026-05-05 10:29:49,017 | INFO | epoch=1 step=4650 loss=0.0807 lr=1.18e-04
2026-05-05 10:30:25,520 | INFO | epoch=1 step=4700 loss=0.0814 lr=1.16e-04
2026-05-05 10:31:06,038 | INFO | epoch=1 step=4750 loss=0.0793 lr=1.13e-04
2026-05-05 10:31:44,843 | INFO | epoch=1 step=4800 loss=0.0802 lr=1.10e-04
2026-05-05 10:32:23,773 | INFO | epoch=1 step=4850 loss=0.0801 lr=1.08e-04
2026-05-05 10:33:03,991 | INFO | epoch=1 step=4900 loss=0.0835 lr=1.05e-04
2026-05-05 10:33:42,806 | INFO | epoch=1 step=4950 loss=0.0818 lr=1.03e-04
2026-05-05 10:34:21,206 | INFO | epoch=1 step=5000 loss=0.0755 lr=1.00e-04
2026-05-05 10:37:14,399 | INFO | epoch=1 eval_loss=0.5458 ppl=1.73
2026-05-05 10:38:06,180 | INFO | epoch=2 step=5050 loss=0.0786 lr=9.75e-05
2026-05-05 10:38:43,789 | INFO | epoch=2 step=5100 loss=0.0914 lr=9.51e-05
2026-05-05 10:39:20,370 | INFO | epoch=2 step=5150 loss=0.0734 lr=9.26e-05
2026-05-05 10:39:55,627 | INFO | epoch=2 step=5200 loss=0.0723 lr=9.02e-05
2026-05-05 10:40:31,942 | INFO | epoch=2 step=5250 loss=0.0752 lr=8.79e-05
2026-05-05 10:41:06,791 | INFO | epoch=2 step=5300 loss=0.0734 lr=8.56e-05
2026-05-05 10:41:42,114 | INFO | epoch=2 step=5350 loss=0.0761 lr=8.33e-05
2026-05-05 10:42:19,809 | INFO | epoch=2 step=5400 loss=0.0779 lr=8.10e-05
2026-05-05 10:42:55,983 | INFO | epoch=2 step=5450 loss=0.0714 lr=7.88e-05
2026-05-05 10:43:31,740 | INFO | epoch=2 step=5500 loss=0.0715 lr=7.66e-05
2026-05-05 10:44:07,082 | INFO | epoch=2 step=5550 loss=0.0934 lr=7.45e-05
2026-05-05 10:44:42,204 | INFO | epoch=2 step=5600 loss=0.0786 lr=7.24e-05
2026-05-05 10:45:20,006 | INFO | epoch=2 step=5650 loss=0.0827 lr=7.03e-05
2026-05-05 10:45:56,512 | INFO | epoch=2 step=5700 loss=0.0745 lr=6.83e-05
2026-05-05 10:46:32,307 | INFO | epoch=2 step=5750 loss=0.0645 lr=6.63e-05
2026-05-05 10:47:08,018 | INFO | epoch=2 step=5800 loss=0.0686 lr=6.44e-05
2026-05-05 10:47:46,551 | INFO | epoch=2 step=5850 loss=0.0663 lr=6.25e-05
2026-05-05 10:48:20,677 | INFO | epoch=2 step=5900 loss=0.0818 lr=6.07e-05
2026-05-05 10:48:54,696 | INFO | epoch=2 step=5950 loss=0.0679 lr=5.89e-05
2026-05-05 10:49:28,876 | INFO | epoch=2 step=6000 loss=0.0680 lr=5.72e-05
2026-05-05 10:50:03,269 | INFO | epoch=2 step=6050 loss=0.0667 lr=5.55e-05
2026-05-05 10:50:38,038 | INFO | epoch=2 step=6100 loss=0.0663 lr=5.38e-05
2026-05-05 10:51:14,384 | INFO | epoch=2 step=6150 loss=0.0689 lr=5.22e-05
2026-05-05 10:51:50,090 | INFO | epoch=2 step=6200 loss=0.0716 lr=5.07e-05
2026-05-05 10:52:24,736 | INFO | epoch=2 step=6250 loss=0.0667 lr=4.92e-05
2026-05-05 10:52:58,802 | INFO | epoch=2 step=6300 loss=0.0704 lr=4.78e-05
2026-05-05 10:53:33,706 | INFO | epoch=2 step=6350 loss=0.0782 lr=4.64e-05
2026-05-05 10:54:08,550 | INFO | epoch=2 step=6400 loss=0.0668 lr=4.50e-05
2026-05-05 10:54:43,544 | INFO | epoch=2 step=6450 loss=0.0745 lr=4.37e-05
2026-05-05 10:55:19,816 | INFO | epoch=2 step=6500 loss=0.0675 lr=4.25e-05
2026-05-05 10:55:55,277 | INFO | epoch=2 step=6550 loss=0.0768 lr=4.13e-05
2026-05-05 10:56:30,937 | INFO | epoch=2 step=6600 loss=0.0654 lr=4.02e-05
2026-05-05 10:57:10,641 | INFO | epoch=2 step=6650 loss=0.0637 lr=3.92e-05
2026-05-05 10:57:49,171 | INFO | epoch=2 step=6700 loss=0.0680 lr=3.82e-05
2026-05-05 10:58:26,060 | INFO | epoch=2 step=6750 loss=0.0745 lr=3.72e-05
2026-05-05 10:59:05,057 | INFO | epoch=2 step=6800 loss=0.0705 lr=3.63e-05
2026-05-05 10:59:45,057 | INFO | epoch=2 step=6850 loss=0.0574 lr=3.55e-05
2026-05-05 11:00:32,462 | INFO | epoch=2 step=6900 loss=0.0720 lr=3.47e-05
2026-05-05 11:01:15,968 | INFO | epoch=2 step=6950 loss=0.0686 lr=3.40e-05
2026-05-05 11:01:56,392 | INFO | epoch=2 step=7000 loss=0.0676 lr=3.33e-05
2026-05-05 11:02:37,256 | INFO | epoch=2 step=7050 loss=0.0653 lr=3.27e-05
2026-05-05 11:03:17,816 | INFO | epoch=2 step=7100 loss=0.0640 lr=3.22e-05
2026-05-05 11:03:58,614 | INFO | epoch=2 step=7150 loss=0.0650 lr=3.17e-05
2026-05-05 11:04:39,594 | INFO | epoch=2 step=7200 loss=0.0636 lr=3.13e-05
2026-05-05 11:05:19,862 | INFO | epoch=2 step=7250 loss=0.0641 lr=3.09e-05
2026-05-05 11:06:00,047 | INFO | epoch=2 step=7300 loss=0.0678 lr=3.06e-05
2026-05-05 11:06:39,007 | INFO | epoch=2 step=7350 loss=0.0712 lr=3.04e-05
2026-05-05 11:07:18,190 | INFO | epoch=2 step=7400 loss=0.0659 lr=3.02e-05
2026-05-05 11:07:57,362 | INFO | epoch=2 step=7450 loss=0.0730 lr=3.01e-05
2026-05-05 11:08:36,321 | INFO | epoch=2 step=7500 loss=0.0706 lr=3.00e-05
2026-05-05 11:11:19,357 | INFO | epoch=2 eval_loss=0.5562 ppl=1.74
